Obtaining JSON from switch...
Done
Control utility for runtime P4 table manipulation
RuntimeCmd: Adding entry to exact match table forwarding
match key:           EXACT-00:01
action:              set_egress_port
runtime data:        00:03
Entry has been added with handle 0
RuntimeCmd: Adding entry to exact match table forwarding
match key:           EXACT-00:03
action:              set_egress_port
runtime data:        00:01
Entry has been added with handle 1
RuntimeCmd: Adding entry to exact match table forwarding
match key:           EXACT-00:02
action:              set_egress_port
runtime data:        00:04
Entry has been added with handle 2
RuntimeCmd: Adding entry to exact match table forwarding
match key:           EXACT-00:04
action:              set_egress_port
runtime data:        00:02
Entry has been added with handle 3
RuntimeCmd: 
