Warning: you requested the nanomsg event logger, but bmv2 was compiled without -DBMELOG, and the event logger cannot be activated
Calling target program-options parser
[10:11:41.444] [bmv2] [D] [thread 7724] Set default default entry for table 'tbl_keyvalue172': keyvalue172 - 
[10:11:41.444] [bmv2] [D] [thread 7724] Set default default entry for table 'MyIngress.ipv4_lpm': NoAction - 
[10:11:41.444] [bmv2] [D] [thread 7724] Set default default entry for table 'MyIngress.drop_table': MyIngress.drop - 
Adding interface s1-eth1 as port 1
[10:11:41.451] [bmv2] [D] [thread 7724] Adding interface s1-eth1 as port 1
Adding interface s1-eth2 as port 2
[10:11:41.488] [bmv2] [D] [thread 7724] Adding interface s1-eth2 as port 2
Adding interface s1-eth3 as port 3
[10:11:41.520] [bmv2] [D] [thread 7724] Adding interface s1-eth3 as port 3
Adding interface s1-eth4 as port 4
[10:11:41.547] [bmv2] [D] [thread 7724] Adding interface s1-eth4 as port 4
[10:11:41.591] [bmv2] [I] [thread 7724] Starting Thrift server on port 9090
[10:11:41.592] [bmv2] [I] [thread 7724] Thrift server was started
[10:11:42.071] [bmv2] [T] [thread 7775] bm_get_config
[10:11:42.075] [bmv2] [T] [thread 7775] bm_set_default_action
[10:11:42.076] [bmv2] [D] [thread 7775] Set default entry for table 'MyIngress.ipv4_lpm': MyIngress.drop - 
[10:11:42.078] [bmv2] [T] [thread 7775] bm_table_add_entry
[10:11:42.078] [bmv2] [D] [thread 7775] Entry 0 added to table 'MyIngress.ipv4_lpm'
[10:11:42.078] [bmv2] [D] [thread 7775] Dumping entry 0
Match key:
* hdr.ipv4.dstAddr    : LPM       0a000101/32
Action entry: MyIngress.ipv4_forward - a000101,1,

[10:11:42.079] [bmv2] [T] [thread 7775] bm_table_add_entry
[10:11:42.080] [bmv2] [D] [thread 7775] Entry 1 added to table 'MyIngress.ipv4_lpm'
[10:11:42.080] [bmv2] [D] [thread 7775] Dumping entry 1
Match key:
* hdr.ipv4.dstAddr    : LPM       0a000102/32
Action entry: MyIngress.ipv4_forward - a000102,2,

[10:11:42.081] [bmv2] [T] [thread 7775] bm_table_add_entry
[10:11:42.081] [bmv2] [D] [thread 7775] Entry 2 added to table 'MyIngress.ipv4_lpm'
[10:11:42.081] [bmv2] [D] [thread 7775] Dumping entry 2
Match key:
* hdr.ipv4.dstAddr    : LPM       0a000103/32
Action entry: MyIngress.ipv4_forward - a000103,3,

[10:11:42.082] [bmv2] [T] [thread 7775] bm_table_add_entry
[10:11:42.083] [bmv2] [D] [thread 7775] Entry 3 added to table 'MyIngress.ipv4_lpm'
[10:11:42.083] [bmv2] [D] [thread 7775] Dumping entry 3
Match key:
* hdr.ipv4.dstAddr    : LPM       0a000104/32
Action entry: MyIngress.ipv4_forward - a000104,4,

[10:13:51.414] [bmv2] [D] [thread 7730] [0.0] [cxt 0] Processing packet received on port 1
[10:13:51.414] [bmv2] [D] [thread 7730] [0.0] [cxt 0] Parser 'parser': start
[10:13:51.414] [bmv2] [D] [thread 7730] [0.0] [cxt 0] Parser 'parser' entering state 'start'
[10:13:51.414] [bmv2] [D] [thread 7730] [0.0] [cxt 0] Extracting header 'ethernet'
[10:13:51.415] [bmv2] [D] [thread 7730] [0.0] [cxt 0] Parser state 'start': key is 0800
[10:13:51.415] [bmv2] [T] [thread 7730] [0.0] [cxt 0] Bytes parsed: 14
[10:13:51.415] [bmv2] [D] [thread 7730] [0.0] [cxt 0] Parser 'parser' entering state 'ipv4'
[10:13:51.415] [bmv2] [D] [thread 7730] [0.0] [cxt 0] Extracting header 'ipv4'
[10:13:51.415] [bmv2] [D] [thread 7730] [0.0] [cxt 0] Parser state 'ipv4': key is 00
[10:13:51.415] [bmv2] [T] [thread 7730] [0.0] [cxt 0] Bytes parsed: 34
[10:13:51.415] [bmv2] [D] [thread 7730] [0.0] [cxt 0] Parser 'parser': end
[10:13:51.415] [bmv2] [D] [thread 7730] [0.0] [cxt 0] Pipeline 'ingress': start
[10:13:51.415] [bmv2] [T] [thread 7730] [0.0] [cxt 0] /home/ubuntu/Key-value/key-value.p4(171) Condition "hdr.ipv4.isValid()" (node_2) is true
[10:13:51.415] [bmv2] [T] [thread 7730] [0.0] [cxt 0] Applying table 'tbl_keyvalue172'
[10:13:51.415] [bmv2] [D] [thread 7730] [0.0] [cxt 0] Looking up key:

[10:13:51.415] [bmv2] [D] [thread 7730] [0.0] [cxt 0] Table 'tbl_keyvalue172': miss
[10:13:51.415] [bmv2] [D] [thread 7730] [0.0] [cxt 0] Action entry is keyvalue172 - 
[10:13:51.415] [bmv2] [T] [thread 7730] [0.0] [cxt 0] Action keyvalue172
[10:13:51.415] [bmv2] [T] [thread 7730] [0.0] [cxt 0] /home/ubuntu/Key-value/key-value.p4(172) Primitive (bit<32>)hdr.ipv4.tos
[10:13:51.415] [bmv2] [T] [thread 7730] [0.0] [cxt 0] /home/ubuntu/Key-value/key-value.p4(172) Primitive box_register.write((bit<32>)hdr.ipv4.tos, hdr.ipv4.ttl)
[10:13:51.415] [bmv2] [T] [thread 7730] [0.0] [cxt 0] Wrote register 'MyIngress.box_register' at index 1 with value 10
[10:13:51.415] [bmv2] [T] [thread 7730] [0.0] [cxt 0] Applying table 'MyIngress.ipv4_lpm'
[10:13:51.415] [bmv2] [D] [thread 7730] [0.0] [cxt 0] Looking up key:
* hdr.ipv4.dstAddr    : 0a000103

[10:13:51.415] [bmv2] [D] [thread 7730] [0.0] [cxt 0] Table 'MyIngress.ipv4_lpm': hit with handle 2
[10:13:51.415] [bmv2] [D] [thread 7730] [0.0] [cxt 0] Dumping entry 2
Match key:
* hdr.ipv4.dstAddr    : LPM       0a000103/32
Action entry: MyIngress.ipv4_forward - a000103,3,

[10:13:51.415] [bmv2] [D] [thread 7730] [0.0] [cxt 0] Action entry is MyIngress.ipv4_forward - a000103,3,
[10:13:51.415] [bmv2] [T] [thread 7730] [0.0] [cxt 0] Action MyIngress.ipv4_forward
[10:13:51.415] [bmv2] [T] [thread 7730] [0.0] [cxt 0] /home/ubuntu/Key-value/key-value.p4(136) Primitive hdr.ethernet.srcAddr = hdr.ethernet.dstAddr
[10:13:51.415] [bmv2] [T] [thread 7730] [0.0] [cxt 0] /home/ubuntu/Key-value/key-value.p4(139) Primitive hdr.ethernet.dstAddr = dstAddr
[10:13:51.415] [bmv2] [T] [thread 7730] [0.0] [cxt 0] /home/ubuntu/Key-value/key-value.p4(142) Primitive standard_metadata.egress_spec = port
[10:13:51.416] [bmv2] [D] [thread 7730] [0.0] [cxt 0] Pipeline 'ingress': end
[10:13:51.416] [bmv2] [D] [thread 7730] [0.0] [cxt 0] Egress port is 3
[10:13:51.416] [bmv2] [D] [thread 7734] [0.0] [cxt 0] Pipeline 'egress': start
[10:13:51.416] [bmv2] [D] [thread 7734] [0.0] [cxt 0] Pipeline 'egress': end
[10:13:51.416] [bmv2] [D] [thread 7734] [0.0] [cxt 0] Deparser 'deparser': start
[10:13:51.416] [bmv2] [D] [thread 7734] [0.0] [cxt 0] Updating checksum 'cksum'
[10:13:51.416] [bmv2] [D] [thread 7734] [0.0] [cxt 0] Deparsing header 'ethernet'
[10:13:51.416] [bmv2] [D] [thread 7734] [0.0] [cxt 0] Deparsing header 'ipv4'
[10:13:51.416] [bmv2] [D] [thread 7734] [0.0] [cxt 0] Deparser 'deparser': end
[10:13:51.416] [bmv2] [D] [thread 7735] [0.0] [cxt 0] Transmitting packet of size 34 out of port 3
[10:13:51.416] [bmv2] [D] [thread 7730] [1.0] [cxt 0] Processing packet received on port 3
[10:13:51.416] [bmv2] [D] [thread 7730] [1.0] [cxt 0] Parser 'parser': start
[10:13:51.416] [bmv2] [D] [thread 7730] [1.0] [cxt 0] Parser 'parser' entering state 'start'
[10:13:51.416] [bmv2] [D] [thread 7730] [1.0] [cxt 0] Extracting header 'ethernet'
[10:13:51.416] [bmv2] [D] [thread 7730] [1.0] [cxt 0] Parser state 'start': key is 0800
[10:13:51.416] [bmv2] [T] [thread 7730] [1.0] [cxt 0] Bytes parsed: 14
[10:13:51.416] [bmv2] [D] [thread 7730] [1.0] [cxt 0] Parser 'parser' entering state 'ipv4'
[10:13:51.416] [bmv2] [D] [thread 7730] [1.0] [cxt 0] Extracting header 'ipv4'
[10:13:51.416] [bmv2] [D] [thread 7730] [1.0] [cxt 0] Parser state 'ipv4': key is 01
[10:13:51.416] [bmv2] [T] [thread 7730] [1.0] [cxt 0] Bytes parsed: 34
[10:13:51.416] [bmv2] [D] [thread 7730] [1.0] [cxt 0] Parser 'parser': end
[10:13:51.416] [bmv2] [D] [thread 7730] [1.0] [cxt 0] Pipeline 'ingress': start
[10:13:51.416] [bmv2] [T] [thread 7730] [1.0] [cxt 0] /home/ubuntu/Key-value/key-value.p4(171) Condition "hdr.ipv4.isValid()" (node_2) is true
[10:13:51.416] [bmv2] [T] [thread 7730] [1.0] [cxt 0] Applying table 'tbl_keyvalue172'
[10:13:51.416] [bmv2] [D] [thread 7730] [1.0] [cxt 0] Looking up key:

[10:13:51.416] [bmv2] [D] [thread 7730] [1.0] [cxt 0] Table 'tbl_keyvalue172': miss
[10:13:51.416] [bmv2] [D] [thread 7730] [1.0] [cxt 0] Action entry is keyvalue172 - 
[10:13:51.417] [bmv2] [T] [thread 7730] [1.0] [cxt 0] Action keyvalue172
[10:13:51.417] [bmv2] [T] [thread 7730] [1.0] [cxt 0] /home/ubuntu/Key-value/key-value.p4(172) Primitive (bit<32>)hdr.ipv4.tos
[10:13:51.417] [bmv2] [T] [thread 7730] [1.0] [cxt 0] /home/ubuntu/Key-value/key-value.p4(172) Primitive box_register.write((bit<32>)hdr.ipv4.tos, hdr.ipv4.ttl)
[10:13:51.417] [bmv2] [T] [thread 7730] [1.0] [cxt 0] Wrote register 'MyIngress.box_register' at index 192 with value 64
[10:13:51.417] [bmv2] [T] [thread 7730] [1.0] [cxt 0] Applying table 'MyIngress.ipv4_lpm'
[10:13:51.417] [bmv2] [D] [thread 7730] [1.0] [cxt 0] Looking up key:
* hdr.ipv4.dstAddr    : 0a000101

[10:13:51.417] [bmv2] [D] [thread 7730] [1.0] [cxt 0] Table 'MyIngress.ipv4_lpm': hit with handle 0
[10:13:51.417] [bmv2] [D] [thread 7730] [1.0] [cxt 0] Dumping entry 0
Match key:
* hdr.ipv4.dstAddr    : LPM       0a000101/32
Action entry: MyIngress.ipv4_forward - a000101,1,

[10:13:51.417] [bmv2] [D] [thread 7730] [1.0] [cxt 0] Action entry is MyIngress.ipv4_forward - a000101,1,
[10:13:51.417] [bmv2] [T] [thread 7730] [1.0] [cxt 0] Action MyIngress.ipv4_forward
[10:13:51.417] [bmv2] [T] [thread 7730] [1.0] [cxt 0] /home/ubuntu/Key-value/key-value.p4(136) Primitive hdr.ethernet.srcAddr = hdr.ethernet.dstAddr
[10:13:51.417] [bmv2] [T] [thread 7730] [1.0] [cxt 0] /home/ubuntu/Key-value/key-value.p4(139) Primitive hdr.ethernet.dstAddr = dstAddr
[10:13:51.417] [bmv2] [T] [thread 7730] [1.0] [cxt 0] /home/ubuntu/Key-value/key-value.p4(142) Primitive standard_metadata.egress_spec = port
[10:13:51.417] [bmv2] [D] [thread 7730] [1.0] [cxt 0] Pipeline 'ingress': end
[10:13:51.417] [bmv2] [D] [thread 7730] [1.0] [cxt 0] Egress port is 1
[10:13:51.417] [bmv2] [D] [thread 7732] [1.0] [cxt 0] Pipeline 'egress': start
[10:13:51.417] [bmv2] [D] [thread 7732] [1.0] [cxt 0] Pipeline 'egress': end
[10:13:51.417] [bmv2] [D] [thread 7732] [1.0] [cxt 0] Deparser 'deparser': start
[10:13:51.417] [bmv2] [D] [thread 7732] [1.0] [cxt 0] Updating checksum 'cksum'
[10:13:51.418] [bmv2] [D] [thread 7732] [1.0] [cxt 0] Deparsing header 'ethernet'
[10:13:51.418] [bmv2] [D] [thread 7732] [1.0] [cxt 0] Deparsing header 'ipv4'
[10:13:51.418] [bmv2] [D] [thread 7732] [1.0] [cxt 0] Deparser 'deparser': end
[10:13:51.418] [bmv2] [D] [thread 7735] [1.0] [cxt 0] Transmitting packet of size 62 out of port 1
[10:14:01.627] [bmv2] [T] [thread 8169] bm_get_config
[10:14:01.630] [bmv2] [T] [thread 8169] bm_mt_get_entries
[10:14:01.633] [bmv2] [T] [thread 8169] bm_mt_get_entries
[10:14:01.634] [bmv2] [T] [thread 8169] bm_register_read
open: No such file or directory
open: No such file or directory
